<?xml version="1.0" encoding="UTF-8"?>
<!-- Generated by org.testng.reporters.JUnitReportReporter -->
<testsuite name="ecom.testcases.Flow" tests="3" time="40.411" ignored="0" failures="0" timestamp="11 Jun 2020 06:19:02 GMT" skipped="0" hostname="Akhlesh" errors="0">
  <testcase name="SignUp" time="10.957" classname="ecom.testcases.Flow"/>
  <testcase name="WomenDress" time="25.932" classname="ecom.testcases.Flow"/>
  <testcase name="signInPage" time="3.522" classname="ecom.testcases.Flow"/>
</testsuite> <!-- ecom.testcases.Flow -->
